<?xml version="1.0" encoding="UTF-8"?>
<!-- Generated by org.testng.reporters.JUnitReportReporter -->
<testsuite hostname="DESKTOP-K6LIQI3" failures="0" tests="1" name="automation.demoJenkins.WakeUp" time="0.003" errors="0" timestamp="2023-05-20T15:43:06 IST" skipped="0">
  <testcase classname="automation.demoJenkins.WakeUp" name="main" time="0.003"/>
  <system-out/>
</testsuite> <!-- automation.demoJenkins.WakeUp -->
